<?xml version="1.0" encoding="UTF-8"?>
<!-- Generated by org.testng.reporters.JUnitXMLReporter -->
<testsuite ignored="4" hostname="DESKTOP-EGQ2P43" failures="0" tests="2" name="Run on Edge" time="1.085" errors="0" timestamp="11 Feb 2023 13:02:05 GMT">
  <testcase classname="com.nopcommerce.user.Level_06_Page_Generator_Manager_My_Account" name="@BeforeClass beforeClass" time="1.08">
    <failure type="org.openqa.selenium.SessionNotCreatedException" message="session not created: This version of Microsoft Edge WebDriver only supports Microsoft Edge version 108
Current browser version is 110.0.1587.41 with binary path C:\Program Files (x86)\Microsoft\Edge\Application\msedge.exe
Build info: version: &amp;apos;3.141.59&amp;apos;, revision: &amp;apos;e82be7d358&amp;apos;, time: &amp;apos;2018-11-14T08:25:53&amp;apos;
System info: host: &amp;apos;DESKTOP-EGQ2P43&amp;apos;, ip: &amp;apos;192.168.1.19&amp;apos;, os.name: &amp;apos;Windows 10&amp;apos;, os.arch: &amp;apos;amd64&amp;apos;, os.version: &amp;apos;10.0&amp;apos;, java.version: &amp;apos;11.0.17&amp;apos;
Driver info: driver.version: EdgeDriver
remote stacktrace: Backtrace:
	Microsoft::Applications::Events::EventProperties::SetProperty [0x00007FF6B2DE91A2+14306]
	Microsoft::Applications::Events::EventProperty::EventProperty [0x00007FF6B2D70962+842818]
	(No symbol) [0x00007FF6B2A21D90]
	(No symbol) [0x00007FF6B2A53BBA]
	(No symbol) [0x00007FF6B2A4E895]
	(No symbol) [0x00007FF6B2A49DCF]
	(No symbol) [0x00007FF6B2A8E027]
	(No symbol) [0x00007FF6B2A8D3BA]
	(No symbol) [0x00007FF6B2A85B03]
	(No symbol) [0x00007FF6B2A573B8]
	(No symbol) [0x00007FF6B2A5638E]
	(No symbol) [0x00007FF6B2A57AE4]
	Microsoft::Applications::Events::EventProperty::EventProperty [0x00007FF6B2CBFDF8+119000]
	Microsoft::Applications::Events::EventProperty::EventProperty [0x00007FF6B2CAD4D6+42934]
	Microsoft::Applications::Events::EventProperty::EventProperty [0x00007FF6B2CB06EC+55756]
	(No symbol) [0x00007FF6B2B27923]
	Microsoft::Applications::Events::EventProperty::EventProperty [0x00007FF6B2D7841A+874234]
	Microsoft::Applications::Events::EventProperty::EventProperty [0x00007FF6B2D7D514+894964]
	Microsoft::Applications::Events::EventProperty::EventProperty [0x00007FF6B2D7D66C+895308]
	Microsoft::Applications::Events::EventProperty::EventProperty [0x00007FF6B2D8678E+932462]
	BaseThreadInitThunk [0x00007FFA1FDD7614+20]
	RtlUserThreadStart [0x00007FFA21DA26A1+33]
">
      <![CDATA[org.openqa.selenium.SessionNotCreatedException: session not created: This version of Microsoft Edge WebDriver only supports Microsoft Edge version 108
Current browser version is 110.0.1587.41 with binary path C:\Program Files (x86)\Microsoft\Edge\Application\msedge.exe
Build info: version: '3.141.59', revision: 'e82be7d358', time: '2018-11-14T08:25:53'
System info: host: 'DESKTOP-EGQ2P43', ip: '192.168.1.19', os.name: 'Windows 10', os.arch: 'amd64', os.version: '10.0', java.version: '11.0.17'
Driver info: driver.version: EdgeDriver
remote stacktrace: Backtrace:
Microsoft::Applications::Events::EventProperties::SetProperty [0x00007FF6B2DE91A2+14306]
Microsoft::Applications::Events::EventProperty::EventProperty [0x00007FF6B2D70962+842818]
(No symbol) [0x00007FF6B2A21D90]
(No symbol) [0x00007FF6B2A53BBA]
(No symbol) [0x00007FF6B2A4E895]
(No symbol) [0x00007FF6B2A49DCF]
(No symbol) [0x00007FF6B2A8E027]
(No symbol) [0x00007FF6B2A8D3BA]
(No symbol) [0x00007FF6B2A85B03]
(No symbol) [0x00007FF6B2A573B8]
(No symbol) [0x00007FF6B2A5638E]
(No symbol) [0x00007FF6B2A57AE4]
Microsoft::Applications::Events::EventProperty::EventProperty [0x00007FF6B2CBFDF8+119000]
Microsoft::Applications::Events::EventProperty::EventProperty [0x00007FF6B2CAD4D6+42934]
Microsoft::Applications::Events::EventProperty::EventProperty [0x00007FF6B2CB06EC+55756]
(No symbol) [0x00007FF6B2B27923]
Microsoft::Applications::Events::EventProperty::EventProperty [0x00007FF6B2D7841A+874234]
Microsoft::Applications::Events::EventProperty::EventProperty [0x00007FF6B2D7D514+894964]
Microsoft::Applications::Events::EventProperty::EventProperty [0x00007FF6B2D7D66C+895308]
Microsoft::Applications::Events::EventProperty::EventProperty [0x00007FF6B2D8678E+932462]
BaseThreadInitThunk [0x00007FFA1FDD7614+20]
RtlUserThreadStart [0x00007FFA21DA26A1+33]

at org.openqa.selenium.remote.W3CHandshakeResponse.lambda$errorHandler$0(W3CHandshakeResponse.java:62)
at org.openqa.selenium.remote.HandshakeResponse.lambda$getResponseFunction$0(HandshakeResponse.java:30)
at org.openqa.selenium.remote.ProtocolHandshake.lambda$createSession$0(ProtocolHandshake.java:126)
at java.base/java.util.stream.ReferencePipeline$3$1.accept(ReferencePipeline.java:195)
at java.base/java.util.Spliterators$ArraySpliterator.tryAdvance(Spliterators.java:958)
at java.base/java.util.stream.ReferencePipeline.forEachWithCancel(ReferencePipeline.java:127)
at java.base/java.util.stream.AbstractPipeline.copyIntoWithCancel(AbstractPipeline.java:502)
at java.base/java.util.stream.AbstractPipeline.copyInto(AbstractPipeline.java:488)
at java.base/java.util.stream.AbstractPipeline.wrapAndCopyInto(AbstractPipeline.java:474)
at java.base/java.util.stream.FindOps$FindOp.evaluateSequential(FindOps.java:150)
at java.base/java.util.stream.AbstractPipeline.evaluate(AbstractPipeline.java:234)
at java.base/java.util.stream.ReferencePipeline.findFirst(ReferencePipeline.java:543)
at org.openqa.selenium.remote.ProtocolHandshake.createSession(ProtocolHandshake.java:128)
at org.openqa.selenium.remote.ProtocolHandshake.createSession(ProtocolHandshake.java:74)
at org.openqa.selenium.remote.HttpCommandExecutor.execute(HttpCommandExecutor.java:136)
at org.openqa.selenium.remote.service.DriverCommandExecutor.execute(DriverCommandExecutor.java:83)
at org.openqa.selenium.remote.RemoteWebDriver.execute(RemoteWebDriver.java:552)
at org.openqa.selenium.remote.RemoteWebDriver.startSession(RemoteWebDriver.java:213)
at org.openqa.selenium.remote.RemoteWebDriver.<init>(RemoteWebDriver.java:131)
at org.openqa.selenium.edge.EdgeDriver.<init>(EdgeDriver.java:141)
at org.openqa.selenium.edge.EdgeDriver.<init>(EdgeDriver.java:96)
at commons.BaseTest.getBrowserDriver(BaseTest.java:29)
at com.nopcommerce.user.Level_06_Page_Generator_Manager_My_Account.beforeClass(Level_06_Page_Generator_Manager_My_Account.java:37)
... Removed 30 stack frames]]>
    </failure>
  </testcase> <!-- @BeforeClass beforeClass -->
  <testcase classname="com.nopcommerce.user.Level_06_Page_Generator_Manager_My_Account" name="@AfterClass afterClass" time="0.0">
    <skipped/>
  </testcase> <!-- @AfterClass afterClass -->
  <testcase classname="com.nopcommerce.user.Level_06_Page_Generator_Manager_My_Account" name="My_Account_01_Update_Customer_Infor" time="0.0">
    <skipped/>
  </testcase> <!-- My_Account_01_Update_Customer_Infor -->
  <testcase classname="com.nopcommerce.user.Level_06_Page_Generator_Manager_My_Account" name="My_Account_02_Add_Address" time="0.0">
    <skipped/>
  </testcase> <!-- My_Account_02_Add_Address -->
  <testcase classname="com.nopcommerce.user.Level_06_Page_Generator_Manager_My_Account" name="Register_06_Confirm_Password_Not_Match" time="0.0">
    <ignored/>
  </testcase> <!-- Register_06_Confirm_Password_Not_Match -->
  <testcase classname="com.nopcommerce.user.Level_06_Page_Generator_Manager_My_Account" name="Register_04_Existing_Email" time="0.0">
    <ignored/>
  </testcase> <!-- Register_04_Existing_Email -->
  <testcase classname="com.nopcommerce.user.Level_06_Page_Generator_Manager_My_Account" name="Register_05_Password_Less_Than_6_Chars" time="0.0">
    <ignored/>
  </testcase> <!-- Register_05_Password_Less_Than_6_Chars -->
  <testcase classname="com.nopcommerce.user.Level_06_Page_Generator_Manager_My_Account" name="Register_03_Register_Success" time="0.0">
    <ignored/>
  </testcase> <!-- Register_03_Register_Success -->
</testsuite> <!-- Run on Edge -->
