<?xml version="1.0" encoding="UTF-8"?>
<!-- Generated by org.testng.reporters.JUnitReportReporter -->
<testsuite hostname="DESKTOP-EGQ2P43" failures="0" tests="21" name="com.nopcommerce.user.Level_06_Page_Generator_Manager_My_Account" time="40.688" errors="3" timestamp="11 Feb 2023 13:02:05 GMT" skipped="18">
  <testcase classname="com.nopcommerce.user.Level_06_Page_Generator_Manager_My_Account" name="beforeClass" time="23.796">
    <error message="Expected condition failed: waiting for element to be clickable: By.xpath: //a[@class=&#039;ico-register&#039;] (tried for 10 second(s) with 500 milliseconds interval)" type="org.openqa.selenium.TimeoutException">
      <![CDATA[org.openqa.selenium.TimeoutException: Expected condition failed: waiting for element to be clickable: By.xpath: //a[@class='ico-register'] (tried for 10 second(s) with 500 milliseconds interval)
at org.openqa.selenium.support.ui.WebDriverWait.timeoutException(WebDriverWait.java:95)
at org.openqa.selenium.support.ui.FluentWait.until(FluentWait.java:272)
at commons.BasePage.waitForElementClickable(BasePage.java:306)
at pageObjects.HomePageObject.clickToRegisterLink(HomePageObject.java:19)
at com.nopcommerce.user.Level_06_Page_Generator_Manager_My_Account.beforeClass(Level_06_Page_Generator_Manager_My_Account.java:39)
at java.base/jdk.internal.reflect.NativeMethodAccessorImpl.invoke0(Native Method)
at java.base/jdk.internal.reflect.NativeMethodAccessorImpl.invoke(NativeMethodAccessorImpl.java:62)
at java.base/jdk.internal.reflect.DelegatingMethodAccessorImpl.invoke(DelegatingMethodAccessorImpl.java:43)
at java.base/java.lang.reflect.Method.invoke(Method.java:566)
at org.testng.internal.MethodInvocationHelper.invokeMethod(MethodInvocationHelper.java:124)
at org.testng.internal.MethodInvocationHelper.invokeMethodConsideringTimeout(MethodInvocationHelper.java:59)
at org.testng.internal.Invoker.invokeConfigurationMethod(Invoker.java:458)
at org.testng.internal.Invoker.invokeConfigurations(Invoker.java:222)
at org.testng.internal.Invoker.invokeConfigurations(Invoker.java:142)
at org.testng.internal.TestMethodWorker.invokeBeforeClassMethods(TestMethodWorker.java:168)
at org.testng.internal.TestMethodWorker.run(TestMethodWorker.java:105)
at org.testng.TestRunner.privateRun(TestRunner.java:648)
at org.testng.TestRunner.run(TestRunner.java:505)
at org.testng.SuiteRunner.runTest(SuiteRunner.java:455)
at org.testng.SuiteRunner.runSequentially(SuiteRunner.java:450)
at org.testng.SuiteRunner.privateRun(SuiteRunner.java:415)
at org.testng.SuiteRunner.run(SuiteRunner.java:364)
at org.testng.SuiteRunnerWorker.runSuite(SuiteRunnerWorker.java:52)
at org.testng.SuiteRunnerWorker.run(SuiteRunnerWorker.java:84)
at org.testng.TestNG.runSuitesSequentially(TestNG.java:1208)
at org.testng.TestNG.runSuitesLocally(TestNG.java:1137)
at org.testng.TestNG.runSuites(TestNG.java:1049)
at org.testng.TestNG.run(TestNG.java:1017)
at org.testng.remote.AbstractRemoteTestNG.run(AbstractRemoteTestNG.java:115)
at org.testng.remote.RemoteTestNG.initAndRun(RemoteTestNG.java:251)
at org.testng.remote.RemoteTestNG.main(RemoteTestNG.java:77)
Caused by: org.openqa.selenium.NoSuchElementException: Unable to locate element: //a[@class='ico-register']
For documentation on this error, please visit: https://www.seleniumhq.org/exceptions/no_such_element.html
Build info: version: '3.141.59', revision: 'e82be7d358', time: '2018-11-14T08:25:53'
System info: host: 'DESKTOP-EGQ2P43', ip: '192.168.1.19', os.name: 'Windows 10', os.arch: 'amd64', os.version: '10.0', java.version: '11.0.17'
Driver info: org.openqa.selenium.firefox.FirefoxDriver
Capabilities {acceptInsecureCerts: true, browserName: firefox, browserVersion: 109.0.1, javascriptEnabled: true, moz:accessibilityChecks: false, moz:buildID: 20230127170202, moz:geckodriverVersion: 0.32.1, moz:headless: false, moz:platformVersion: 10.0, moz:processID: 13356, moz:profile: C:\Users\tuthi\AppData\Loca..., moz:shutdownTimeout: 60000, moz:useNonSpecCompliantPointerOrigin: false, moz:webdriverClick: true, moz:windowless: false, pageLoadStrategy: normal, platform: WINDOWS, platformName: WINDOWS, proxy: Proxy(), setWindowRect: true, strictFileInteractability: false, timeouts: {implicit: 0, pageLoad: 300000, script: 30000}, unhandledPromptBehavior: dismiss and notify}
Session ID: 200ef036-2ef4-4804-aa14-ecb8dfe34b10
*** Element info: {Using=xpath, value=//a[@class='ico-register']}
at java.base/jdk.internal.reflect.NativeConstructorAccessorImpl.newInstance0(Native Method)
at java.base/jdk.internal.reflect.NativeConstructorAccessorImpl.newInstance(NativeConstructorAccessorImpl.java:62)
at java.base/jdk.internal.reflect.DelegatingConstructorAccessorImpl.newInstance(DelegatingConstructorAccessorImpl.java:45)
at java.base/java.lang.reflect.Constructor.newInstance(Constructor.java:490)
at org.openqa.selenium.remote.http.W3CHttpResponseCodec.createException(W3CHttpResponseCodec.java:187)
at org.openqa.selenium.remote.http.W3CHttpResponseCodec.decode(W3CHttpResponseCodec.java:122)
at org.openqa.selenium.remote.http.W3CHttpResponseCodec.decode(W3CHttpResponseCodec.java:49)
at org.openqa.selenium.remote.HttpCommandExecutor.execute(HttpCommandExecutor.java:158)
at org.openqa.selenium.remote.service.DriverCommandExecutor.execute(DriverCommandExecutor.java:83)
at org.openqa.selenium.remote.RemoteWebDriver.execute(RemoteWebDriver.java:552)
at org.openqa.selenium.remote.RemoteWebDriver.findElement(RemoteWebDriver.java:323)
at org.openqa.selenium.remote.RemoteWebDriver.findElementByXPath(RemoteWebDriver.java:428)
at org.openqa.selenium.By$ByXPath.findElement(By.java:353)
at org.openqa.selenium.remote.RemoteWebDriver.findElement(RemoteWebDriver.java:315)
at org.openqa.selenium.support.ui.ExpectedConditions$7.apply(ExpectedConditions.java:205)
at org.openqa.selenium.support.ui.ExpectedConditions$7.apply(ExpectedConditions.java:201)
at org.openqa.selenium.support.ui.ExpectedConditions$22.apply(ExpectedConditions.java:641)
at org.openqa.selenium.support.ui.ExpectedConditions$22.apply(ExpectedConditions.java:638)
at org.openqa.selenium.support.ui.FluentWait.until(FluentWait.java:249)
... 29 more
]]>
    </error>
  </testcase> <!-- beforeClass -->
  <testcase classname="com.nopcommerce.user.Level_06_Page_Generator_Manager_My_Account" name="My_Account_02_Add_Address" time="0.000">
    <skipped/>
  </testcase> <!-- My_Account_02_Add_Address -->
  <testcase classname="com.nopcommerce.user.Level_06_Page_Generator_Manager_My_Account" name="beforeClass" time="15.812">
    <error message="Expected condition failed: waiting for element to be clickable: By.xpath: //a[@class=&#039;ico-register&#039;] (tried for 10 second(s) with 500 milliseconds interval)" type="org.openqa.selenium.TimeoutException">
      <![CDATA[org.openqa.selenium.TimeoutException: Expected condition failed: waiting for element to be clickable: By.xpath: //a[@class='ico-register'] (tried for 10 second(s) with 500 milliseconds interval)
at org.openqa.selenium.support.ui.WebDriverWait.timeoutException(WebDriverWait.java:95)
at org.openqa.selenium.support.ui.FluentWait.until(FluentWait.java:272)
at commons.BasePage.waitForElementClickable(BasePage.java:306)
at pageObjects.HomePageObject.clickToRegisterLink(HomePageObject.java:19)
at com.nopcommerce.user.Level_06_Page_Generator_Manager_My_Account.beforeClass(Level_06_Page_Generator_Manager_My_Account.java:39)
at java.base/jdk.internal.reflect.NativeMethodAccessorImpl.invoke0(Native Method)
at java.base/jdk.internal.reflect.NativeMethodAccessorImpl.invoke(NativeMethodAccessorImpl.java:62)
at java.base/jdk.internal.reflect.DelegatingMethodAccessorImpl.invoke(DelegatingMethodAccessorImpl.java:43)
at java.base/java.lang.reflect.Method.invoke(Method.java:566)
at org.testng.internal.MethodInvocationHelper.invokeMethod(MethodInvocationHelper.java:124)
at org.testng.internal.MethodInvocationHelper.invokeMethodConsideringTimeout(MethodInvocationHelper.java:59)
at org.testng.internal.Invoker.invokeConfigurationMethod(Invoker.java:458)
at org.testng.internal.Invoker.invokeConfigurations(Invoker.java:222)
at org.testng.internal.Invoker.invokeConfigurations(Invoker.java:142)
at org.testng.internal.TestMethodWorker.invokeBeforeClassMethods(TestMethodWorker.java:168)
at org.testng.internal.TestMethodWorker.run(TestMethodWorker.java:105)
at org.testng.TestRunner.privateRun(TestRunner.java:648)
at org.testng.TestRunner.run(TestRunner.java:505)
at org.testng.SuiteRunner.runTest(SuiteRunner.java:455)
at org.testng.SuiteRunner.runSequentially(SuiteRunner.java:450)
at org.testng.SuiteRunner.privateRun(SuiteRunner.java:415)
at org.testng.SuiteRunner.run(SuiteRunner.java:364)
at org.testng.SuiteRunnerWorker.runSuite(SuiteRunnerWorker.java:52)
at org.testng.SuiteRunnerWorker.run(SuiteRunnerWorker.java:84)
at org.testng.TestNG.runSuitesSequentially(TestNG.java:1208)
at org.testng.TestNG.runSuitesLocally(TestNG.java:1137)
at org.testng.TestNG.runSuites(TestNG.java:1049)
at org.testng.TestNG.run(TestNG.java:1017)
at org.testng.remote.AbstractRemoteTestNG.run(AbstractRemoteTestNG.java:115)
at org.testng.remote.RemoteTestNG.initAndRun(RemoteTestNG.java:251)
at org.testng.remote.RemoteTestNG.main(RemoteTestNG.java:77)
Caused by: org.openqa.selenium.NoSuchElementException: Cannot locate an element using xpath=//a[@class='ico-register']
For documentation on this error, please visit: https://www.seleniumhq.org/exceptions/no_such_element.html
Build info: version: '3.141.59', revision: 'e82be7d358', time: '2018-11-14T08:25:53'
System info: host: 'DESKTOP-EGQ2P43', ip: '192.168.1.19', os.name: 'Windows 10', os.arch: 'amd64', os.version: '10.0', java.version: '11.0.17'
Driver info: driver.version: RemoteWebDriver
at org.openqa.selenium.remote.RemoteWebDriver.findElement(RemoteWebDriver.java:327)
at org.openqa.selenium.remote.RemoteWebDriver.findElementByXPath(RemoteWebDriver.java:428)
at org.openqa.selenium.By$ByXPath.findElement(By.java:353)
at org.openqa.selenium.remote.RemoteWebDriver.findElement(RemoteWebDriver.java:315)
at org.openqa.selenium.support.ui.ExpectedConditions$7.apply(ExpectedConditions.java:205)
at org.openqa.selenium.support.ui.ExpectedConditions$7.apply(ExpectedConditions.java:201)
at org.openqa.selenium.support.ui.ExpectedConditions$22.apply(ExpectedConditions.java:641)
at org.openqa.selenium.support.ui.ExpectedConditions$22.apply(ExpectedConditions.java:638)
at org.openqa.selenium.support.ui.FluentWait.until(FluentWait.java:249)
... 29 more
]]>
    </error>
  </testcase> <!-- beforeClass -->
  <testcase classname="com.nopcommerce.user.Level_06_Page_Generator_Manager_My_Account" name="My_Account_01_Update_Customer_Infor" time="0.000">
    <skipped/>
  </testcase> <!-- My_Account_01_Update_Customer_Infor -->
  <testcase classname="com.nopcommerce.user.Level_06_Page_Generator_Manager_My_Account" name="My_Account_02_Add_Address" time="0.000">
    <skipped/>
  </testcase> <!-- My_Account_02_Add_Address -->
  <testcase classname="com.nopcommerce.user.Level_06_Page_Generator_Manager_My_Account" name="My_Account_01_Update_Customer_Infor" time="0.000">
    <skipped/>
  </testcase> <!-- My_Account_01_Update_Customer_Infor -->
  <testcase classname="com.nopcommerce.user.Level_06_Page_Generator_Manager_My_Account" name="beforeClass" time="1.080">
    <error message="session not created: This version of Microsoft Edge WebDriver only supports Microsoft Edge version 108
Current browser version is 110.0.1587.41 with binary path C:\Program Files (x86)\Microsoft\Edge\Application\msedge.exe
Build info: version: &#039;3.141.59&#039;, revision: &#039;e82be7d358&#039;, time: &#039;2018-11-14T08:25:53&#039;
System info: host: &#039;DESKTOP-EGQ2P43&#039;, ip: &#039;192.168.1.19&#039;, os.name: &#039;Windows 10&#039;, os.arch: &#039;amd64&#039;, os.version: &#039;10.0&#039;, java.version: &#039;11.0.17&#039;
Driver info: driver.version: EdgeDriver
remote stacktrace: Backtrace:
	Microsoft::Applications::Events::EventProperties::SetProperty [0x00007FF6B2DE91A2+14306]
	Microsoft::Applications::Events::EventProperty::EventProperty [0x00007FF6B2D70962+842818]
	(No symbol) [0x00007FF6B2A21D90]
	(No symbol) [0x00007FF6B2A53BBA]
	(No symbol) [0x00007FF6B2A4E895]
	(No symbol) [0x00007FF6B2A49DCF]
	(No symbol) [0x00007FF6B2A8E027]
	(No symbol) [0x00007FF6B2A8D3BA]
	(No symbol) [0x00007FF6B2A85B03]
	(No symbol) [0x00007FF6B2A573B8]
	(No symbol) [0x00007FF6B2A5638E]
	(No symbol) [0x00007FF6B2A57AE4]
	Microsoft::Applications::Events::EventProperty::EventProperty [0x00007FF6B2CBFDF8+119000]
	Microsoft::Applications::Events::EventProperty::EventProperty [0x00007FF6B2CAD4D6+42934]
	Microsoft::Applications::Events::EventProperty::EventProperty [0x00007FF6B2CB06EC+55756]
	(No symbol) [0x00007FF6B2B27923]
	Microsoft::Applications::Events::EventProperty::EventProperty [0x00007FF6B2D7841A+874234]
	Microsoft::Applications::Events::EventProperty::EventProperty [0x00007FF6B2D7D514+894964]
	Microsoft::Applications::Events::EventProperty::EventProperty [0x00007FF6B2D7D66C+895308]
	Microsoft::Applications::Events::EventProperty::EventProperty [0x00007FF6B2D8678E+932462]
	BaseThreadInitThunk [0x00007FFA1FDD7614+20]
	RtlUserThreadStart [0x00007FFA21DA26A1+33]
" type="org.openqa.selenium.SessionNotCreatedException">
      <![CDATA[org.openqa.selenium.SessionNotCreatedException: session not created: This version of Microsoft Edge WebDriver only supports Microsoft Edge version 108
Current browser version is 110.0.1587.41 with binary path C:\Program Files (x86)\Microsoft\Edge\Application\msedge.exe
Build info: version: '3.141.59', revision: 'e82be7d358', time: '2018-11-14T08:25:53'
System info: host: 'DESKTOP-EGQ2P43', ip: '192.168.1.19', os.name: 'Windows 10', os.arch: 'amd64', os.version: '10.0', java.version: '11.0.17'
Driver info: driver.version: EdgeDriver
remote stacktrace: Backtrace:
Microsoft::Applications::Events::EventProperties::SetProperty [0x00007FF6B2DE91A2+14306]
Microsoft::Applications::Events::EventProperty::EventProperty [0x00007FF6B2D70962+842818]
(No symbol) [0x00007FF6B2A21D90]
(No symbol) [0x00007FF6B2A53BBA]
(No symbol) [0x00007FF6B2A4E895]
(No symbol) [0x00007FF6B2A49DCF]
(No symbol) [0x00007FF6B2A8E027]
(No symbol) [0x00007FF6B2A8D3BA]
(No symbol) [0x00007FF6B2A85B03]
(No symbol) [0x00007FF6B2A573B8]
(No symbol) [0x00007FF6B2A5638E]
(No symbol) [0x00007FF6B2A57AE4]
Microsoft::Applications::Events::EventProperty::EventProperty [0x00007FF6B2CBFDF8+119000]
Microsoft::Applications::Events::EventProperty::EventProperty [0x00007FF6B2CAD4D6+42934]
Microsoft::Applications::Events::EventProperty::EventProperty [0x00007FF6B2CB06EC+55756]
(No symbol) [0x00007FF6B2B27923]
Microsoft::Applications::Events::EventProperty::EventProperty [0x00007FF6B2D7841A+874234]
Microsoft::Applications::Events::EventProperty::EventProperty [0x00007FF6B2D7D514+894964]
Microsoft::Applications::Events::EventProperty::EventProperty [0x00007FF6B2D7D66C+895308]
Microsoft::Applications::Events::EventProperty::EventProperty [0x00007FF6B2D8678E+932462]
BaseThreadInitThunk [0x00007FFA1FDD7614+20]
RtlUserThreadStart [0x00007FFA21DA26A1+33]

at java.base/jdk.internal.reflect.NativeConstructorAccessorImpl.newInstance0(Native Method)
at java.base/jdk.internal.reflect.NativeConstructorAccessorImpl.newInstance(NativeConstructorAccessorImpl.java:62)
at java.base/jdk.internal.reflect.DelegatingConstructorAccessorImpl.newInstance(DelegatingConstructorAccessorImpl.java:45)
at java.base/java.lang.reflect.Constructor.newInstance(Constructor.java:490)
at org.openqa.selenium.remote.W3CHandshakeResponse.lambda$errorHandler$0(W3CHandshakeResponse.java:62)
at org.openqa.selenium.remote.HandshakeResponse.lambda$getResponseFunction$0(HandshakeResponse.java:30)
at org.openqa.selenium.remote.ProtocolHandshake.lambda$createSession$0(ProtocolHandshake.java:126)
at java.base/java.util.stream.ReferencePipeline$3$1.accept(ReferencePipeline.java:195)
at java.base/java.util.Spliterators$ArraySpliterator.tryAdvance(Spliterators.java:958)
at java.base/java.util.stream.ReferencePipeline.forEachWithCancel(ReferencePipeline.java:127)
at java.base/java.util.stream.AbstractPipeline.copyIntoWithCancel(AbstractPipeline.java:502)
at java.base/java.util.stream.AbstractPipeline.copyInto(AbstractPipeline.java:488)
at java.base/java.util.stream.AbstractPipeline.wrapAndCopyInto(AbstractPipeline.java:474)
at java.base/java.util.stream.FindOps$FindOp.evaluateSequential(FindOps.java:150)
at java.base/java.util.stream.AbstractPipeline.evaluate(AbstractPipeline.java:234)
at java.base/java.util.stream.ReferencePipeline.findFirst(ReferencePipeline.java:543)
at org.openqa.selenium.remote.ProtocolHandshake.createSession(ProtocolHandshake.java:128)
at org.openqa.selenium.remote.ProtocolHandshake.createSession(ProtocolHandshake.java:74)
at org.openqa.selenium.remote.HttpCommandExecutor.execute(HttpCommandExecutor.java:136)
at org.openqa.selenium.remote.service.DriverCommandExecutor.execute(DriverCommandExecutor.java:83)
at org.openqa.selenium.remote.RemoteWebDriver.execute(RemoteWebDriver.java:552)
at org.openqa.selenium.remote.RemoteWebDriver.startSession(RemoteWebDriver.java:213)
at org.openqa.selenium.remote.RemoteWebDriver.<init>(RemoteWebDriver.java:131)
at org.openqa.selenium.edge.EdgeDriver.<init>(EdgeDriver.java:141)
at org.openqa.selenium.edge.EdgeDriver.<init>(EdgeDriver.java:96)
at commons.BaseTest.getBrowserDriver(BaseTest.java:29)
at com.nopcommerce.user.Level_06_Page_Generator_Manager_My_Account.beforeClass(Level_06_Page_Generator_Manager_My_Account.java:37)
at java.base/jdk.internal.reflect.NativeMethodAccessorImpl.invoke0(Native Method)
at java.base/jdk.internal.reflect.NativeMethodAccessorImpl.invoke(NativeMethodAccessorImpl.java:62)
at java.base/jdk.internal.reflect.DelegatingMethodAccessorImpl.invoke(DelegatingMethodAccessorImpl.java:43)
at java.base/java.lang.reflect.Method.invoke(Method.java:566)
at org.testng.internal.MethodInvocationHelper.invokeMethod(MethodInvocationHelper.java:124)
at org.testng.internal.MethodInvocationHelper.invokeMethodConsideringTimeout(MethodInvocationHelper.java:59)
at org.testng.internal.Invoker.invokeConfigurationMethod(Invoker.java:458)
at org.testng.internal.Invoker.invokeConfigurations(Invoker.java:222)
at org.testng.internal.Invoker.invokeConfigurations(Invoker.java:142)
at org.testng.internal.TestMethodWorker.invokeBeforeClassMethods(TestMethodWorker.java:168)
at org.testng.internal.TestMethodWorker.run(TestMethodWorker.java:105)
at org.testng.TestRunner.privateRun(TestRunner.java:648)
at org.testng.TestRunner.run(TestRunner.java:505)
at org.testng.SuiteRunner.runTest(SuiteRunner.java:455)
at org.testng.SuiteRunner.runSequentially(SuiteRunner.java:450)
at org.testng.SuiteRunner.privateRun(SuiteRunner.java:415)
at org.testng.SuiteRunner.run(SuiteRunner.java:364)
at org.testng.SuiteRunnerWorker.runSuite(SuiteRunnerWorker.java:52)
at org.testng.SuiteRunnerWorker.run(SuiteRunnerWorker.java:84)
at org.testng.TestNG.runSuitesSequentially(TestNG.java:1208)
at org.testng.TestNG.runSuitesLocally(TestNG.java:1137)
at org.testng.TestNG.runSuites(TestNG.java:1049)
at org.testng.TestNG.run(TestNG.java:1017)
at org.testng.remote.AbstractRemoteTestNG.run(AbstractRemoteTestNG.java:115)
at org.testng.remote.RemoteTestNG.initAndRun(RemoteTestNG.java:251)
at org.testng.remote.RemoteTestNG.main(RemoteTestNG.java:77)
]]>
    </error>
  </testcase> <!-- beforeClass -->
  <testcase classname="com.nopcommerce.user.Level_06_Page_Generator_Manager_My_Account" name="My_Account_01_Update_Customer_Infor" time="0.000">
    <skipped/>
  </testcase> <!-- My_Account_01_Update_Customer_Infor -->
  <testcase classname="com.nopcommerce.user.Level_06_Page_Generator_Manager_My_Account" name="My_Account_02_Add_Address" time="0.000">
    <skipped/>
  </testcase> <!-- My_Account_02_Add_Address -->
  <testcase classname="com.nopcommerce.user.Level_06_Page_Generator_Manager_My_Account" name="Register_06_Confirm_Password_Not_Match">
    <skipped/>
  </testcase> <!-- Register_06_Confirm_Password_Not_Match -->
  <testcase classname="com.nopcommerce.user.Level_06_Page_Generator_Manager_My_Account" name="Register_06_Confirm_Password_Not_Match">
    <skipped/>
  </testcase> <!-- Register_06_Confirm_Password_Not_Match -->
  <testcase classname="com.nopcommerce.user.Level_06_Page_Generator_Manager_My_Account" name="Register_06_Confirm_Password_Not_Match">
    <skipped/>
  </testcase> <!-- Register_06_Confirm_Password_Not_Match -->
  <testcase classname="com.nopcommerce.user.Level_06_Page_Generator_Manager_My_Account" name="Register_04_Existing_Email">
    <skipped/>
  </testcase> <!-- Register_04_Existing_Email -->
  <testcase classname="com.nopcommerce.user.Level_06_Page_Generator_Manager_My_Account" name="Register_04_Existing_Email">
    <skipped/>
  </testcase> <!-- Register_04_Existing_Email -->
  <testcase classname="com.nopcommerce.user.Level_06_Page_Generator_Manager_My_Account" name="Register_04_Existing_Email">
    <skipped/>
  </testcase> <!-- Register_04_Existing_Email -->
  <testcase classname="com.nopcommerce.user.Level_06_Page_Generator_Manager_My_Account" name="Register_05_Password_Less_Than_6_Chars">
    <skipped/>
  </testcase> <!-- Register_05_Password_Less_Than_6_Chars -->
  <testcase classname="com.nopcommerce.user.Level_06_Page_Generator_Manager_My_Account" name="Register_03_Register_Success">
    <skipped/>
  </testcase> <!-- Register_03_Register_Success -->
  <testcase classname="com.nopcommerce.user.Level_06_Page_Generator_Manager_My_Account" name="Register_05_Password_Less_Than_6_Chars">
    <skipped/>
  </testcase> <!-- Register_05_Password_Less_Than_6_Chars -->
  <testcase classname="com.nopcommerce.user.Level_06_Page_Generator_Manager_My_Account" name="Register_03_Register_Success">
    <skipped/>
  </testcase> <!-- Register_03_Register_Success -->
  <testcase classname="com.nopcommerce.user.Level_06_Page_Generator_Manager_My_Account" name="Register_05_Password_Less_Than_6_Chars">
    <skipped/>
  </testcase> <!-- Register_05_Password_Less_Than_6_Chars -->
  <testcase classname="com.nopcommerce.user.Level_06_Page_Generator_Manager_My_Account" name="Register_03_Register_Success">
    <skipped/>
  </testcase> <!-- Register_03_Register_Success -->
</testsuite> <!-- com.nopcommerce.user.Level_06_Page_Generator_Manager_My_Account -->
