<?xml version="1.0" encoding="UTF-8"?>
<!-- Generated by org.testng.reporters.JUnitReportReporter -->
<testsuite hostname="DESKTOP-EGQ2P43" failures="0" tests="21" name="com.nopcommerce.user.Level_03_Page_Object_Login2" time="2.184" errors="3" timestamp="06 Feb 2023 07:04:28 GMT" skipped="18">
  <testcase classname="com.nopcommerce.user.Level_03_Page_Object_Login2" name="Login_02_Invalid_Email" time="0.000">
    <skipped/>
  </testcase> <!-- Login_02_Invalid_Email -->
  <testcase classname="com.nopcommerce.user.Level_03_Page_Object_Login2" name="Login_03_Not_Register_Email" time="0.000">
    <skipped/>
  </testcase> <!-- Login_03_Not_Register_Email -->
  <testcase classname="com.nopcommerce.user.Level_03_Page_Object_Login2" name="Login_05_Incorrect_Password" time="0.000">
    <skipped/>
  </testcase> <!-- Login_05_Incorrect_Password -->
  <testcase classname="com.nopcommerce.user.Level_03_Page_Object_Login2" name="Login_05_Incorrect_Password" time="0.000">
    <skipped/>
  </testcase> <!-- Login_05_Incorrect_Password -->
  <testcase classname="com.nopcommerce.user.Level_03_Page_Object_Login2" name="Login_02_Invalid_Email" time="0.000">
    <skipped/>
  </testcase> <!-- Login_02_Invalid_Email -->
  <testcase classname="com.nopcommerce.user.Level_03_Page_Object_Login2" name="Login_01_Empty_Data" time="0.000">
    <skipped/>
  </testcase> <!-- Login_01_Empty_Data -->
  <testcase classname="com.nopcommerce.user.Level_03_Page_Object_Login2" name="beforeClass" time="0.627">
    <error message="session not created: This version of ChromeDriver only supports Chrome version 110
Current browser version is 109.0.5414.120 with binary path C:\Program Files\Google\Chrome\Application\chrome.exe
Build info: version: &#039;3.141.59&#039;, revision: &#039;e82be7d358&#039;, time: &#039;2018-11-14T08:25:53&#039;
System info: host: &#039;DESKTOP-EGQ2P43&#039;, ip: &#039;192.168.1.14&#039;, os.name: &#039;Windows 10&#039;, os.arch: &#039;amd64&#039;, os.version: &#039;10.0&#039;, java.version: &#039;11.0.17&#039;
Driver info: driver.version: ChromeDriver
remote stacktrace: Backtrace:
	(No symbol) [0x00A83643]
	(No symbol) [0x00A18981]
	(No symbol) [0x0091B35D]
	(No symbol) [0x0093ED2D]
	(No symbol) [0x00939B50]
	(No symbol) [0x00936F89]
	(No symbol) [0x00971EB5]
	(No symbol) [0x00971B0C]
	(No symbol) [0x0096B1F6]
	(No symbol) [0x00940D57]
	(No symbol) [0x009424FD]
	GetHandleVerifier [0x00CFB5F2+2513186]
	GetHandleVerifier [0x00D2B730+2710112]
	GetHandleVerifier [0x00D2ECDC+2723852]
	GetHandleVerifier [0x00B32250+640384]
	(No symbol) [0x00A21142]
	(No symbol) [0x00A26AD8]
	(No symbol) [0x00A26BBB]
	(No symbol) [0x00A309FB]
	BaseThreadInitThunk [0x76DE00F9+25]
	RtlGetAppContainerNamedObjectPath [0x77357BBE+286]
	RtlGetAppContainerNamedObjectPath [0x77357B8E+238]
" type="org.openqa.selenium.SessionNotCreatedException">
      <![CDATA[org.openqa.selenium.SessionNotCreatedException: session not created: This version of ChromeDriver only supports Chrome version 110
Current browser version is 109.0.5414.120 with binary path C:\Program Files\Google\Chrome\Application\chrome.exe
Build info: version: '3.141.59', revision: 'e82be7d358', time: '2018-11-14T08:25:53'
System info: host: 'DESKTOP-EGQ2P43', ip: '192.168.1.14', os.name: 'Windows 10', os.arch: 'amd64', os.version: '10.0', java.version: '11.0.17'
Driver info: driver.version: ChromeDriver
remote stacktrace: Backtrace:
(No symbol) [0x00A83643]
(No symbol) [0x00A18981]
(No symbol) [0x0091B35D]
(No symbol) [0x0093ED2D]
(No symbol) [0x00939B50]
(No symbol) [0x00936F89]
(No symbol) [0x00971EB5]
(No symbol) [0x00971B0C]
(No symbol) [0x0096B1F6]
(No symbol) [0x00940D57]
(No symbol) [0x009424FD]
GetHandleVerifier [0x00CFB5F2+2513186]
GetHandleVerifier [0x00D2B730+2710112]
GetHandleVerifier [0x00D2ECDC+2723852]
GetHandleVerifier [0x00B32250+640384]
(No symbol) [0x00A21142]
(No symbol) [0x00A26AD8]
(No symbol) [0x00A26BBB]
(No symbol) [0x00A309FB]
BaseThreadInitThunk [0x76DE00F9+25]
RtlGetAppContainerNamedObjectPath [0x77357BBE+286]
RtlGetAppContainerNamedObjectPath [0x77357B8E+238]

at java.base/jdk.internal.reflect.NativeConstructorAccessorImpl.newInstance0(Native Method)
at java.base/jdk.internal.reflect.NativeConstructorAccessorImpl.newInstance(NativeConstructorAccessorImpl.java:62)
at java.base/jdk.internal.reflect.DelegatingConstructorAccessorImpl.newInstance(DelegatingConstructorAccessorImpl.java:45)
at java.base/java.lang.reflect.Constructor.newInstance(Constructor.java:490)
at org.openqa.selenium.remote.W3CHandshakeResponse.lambda$errorHandler$0(W3CHandshakeResponse.java:62)
at org.openqa.selenium.remote.HandshakeResponse.lambda$getResponseFunction$0(HandshakeResponse.java:30)
at org.openqa.selenium.remote.ProtocolHandshake.lambda$createSession$0(ProtocolHandshake.java:126)
at java.base/java.util.stream.ReferencePipeline$3$1.accept(ReferencePipeline.java:195)
at java.base/java.util.Spliterators$ArraySpliterator.tryAdvance(Spliterators.java:958)
at java.base/java.util.stream.ReferencePipeline.forEachWithCancel(ReferencePipeline.java:127)
at java.base/java.util.stream.AbstractPipeline.copyIntoWithCancel(AbstractPipeline.java:502)
at java.base/java.util.stream.AbstractPipeline.copyInto(AbstractPipeline.java:488)
at java.base/java.util.stream.AbstractPipeline.wrapAndCopyInto(AbstractPipeline.java:474)
at java.base/java.util.stream.FindOps$FindOp.evaluateSequential(FindOps.java:150)
at java.base/java.util.stream.AbstractPipeline.evaluate(AbstractPipeline.java:234)
at java.base/java.util.stream.ReferencePipeline.findFirst(ReferencePipeline.java:543)
at org.openqa.selenium.remote.ProtocolHandshake.createSession(ProtocolHandshake.java:128)
at org.openqa.selenium.remote.ProtocolHandshake.createSession(ProtocolHandshake.java:74)
at org.openqa.selenium.remote.HttpCommandExecutor.execute(HttpCommandExecutor.java:136)
at org.openqa.selenium.remote.service.DriverCommandExecutor.execute(DriverCommandExecutor.java:83)
at org.openqa.selenium.remote.RemoteWebDriver.execute(RemoteWebDriver.java:552)
at org.openqa.selenium.remote.RemoteWebDriver.startSession(RemoteWebDriver.java:213)
at org.openqa.selenium.remote.RemoteWebDriver.<init>(RemoteWebDriver.java:131)
at org.openqa.selenium.chrome.ChromeDriver.<init>(ChromeDriver.java:181)
at org.openqa.selenium.chrome.ChromeDriver.<init>(ChromeDriver.java:168)
at org.openqa.selenium.chrome.ChromeDriver.<init>(ChromeDriver.java:123)
at com.nopcommerce.user.Level_03_Page_Object_Login2.beforeClass(Level_03_Page_Object_Login2.java:34)
at java.base/jdk.internal.reflect.NativeMethodAccessorImpl.invoke0(Native Method)
at java.base/jdk.internal.reflect.NativeMethodAccessorImpl.invoke(NativeMethodAccessorImpl.java:62)
at java.base/jdk.internal.reflect.DelegatingMethodAccessorImpl.invoke(DelegatingMethodAccessorImpl.java:43)
at java.base/java.lang.reflect.Method.invoke(Method.java:566)
at org.testng.internal.MethodInvocationHelper.invokeMethod(MethodInvocationHelper.java:124)
at org.testng.internal.MethodInvocationHelper.invokeMethodConsideringTimeout(MethodInvocationHelper.java:59)
at org.testng.internal.Invoker.invokeConfigurationMethod(Invoker.java:458)
at org.testng.internal.Invoker.invokeConfigurations(Invoker.java:222)
at org.testng.internal.Invoker.invokeConfigurations(Invoker.java:142)
at org.testng.internal.TestMethodWorker.invokeBeforeClassMethods(TestMethodWorker.java:168)
at org.testng.internal.TestMethodWorker.run(TestMethodWorker.java:105)
at org.testng.TestRunner.privateRun(TestRunner.java:648)
at org.testng.TestRunner.run(TestRunner.java:505)
at org.testng.SuiteRunner.runTest(SuiteRunner.java:455)
at org.testng.SuiteRunner.runSequentially(SuiteRunner.java:450)
at org.testng.SuiteRunner.privateRun(SuiteRunner.java:415)
at org.testng.SuiteRunner.run(SuiteRunner.java:364)
at org.testng.SuiteRunnerWorker.runSuite(SuiteRunnerWorker.java:52)
at org.testng.SuiteRunnerWorker.run(SuiteRunnerWorker.java:84)
at org.testng.TestNG.runSuitesSequentially(TestNG.java:1208)
at org.testng.TestNG.runSuitesLocally(TestNG.java:1137)
at org.testng.TestNG.runSuites(TestNG.java:1049)
at org.testng.TestNG.run(TestNG.java:1017)
at org.testng.remote.AbstractRemoteTestNG.run(AbstractRemoteTestNG.java:115)
at org.testng.remote.RemoteTestNG.initAndRun(RemoteTestNG.java:251)
at org.testng.remote.RemoteTestNG.main(RemoteTestNG.java:77)
]]>
    </error>
  </testcase> <!-- beforeClass -->
  <testcase classname="com.nopcommerce.user.Level_03_Page_Object_Login2" name="Login_06_Login_Success" time="0.000">
    <skipped/>
  </testcase> <!-- Login_06_Login_Success -->
  <testcase classname="com.nopcommerce.user.Level_03_Page_Object_Login2" name="Login_03_Not_Register_Email" time="0.000">
    <skipped/>
  </testcase> <!-- Login_03_Not_Register_Email -->
  <testcase classname="com.nopcommerce.user.Level_03_Page_Object_Login2" name="Login_04_Not_Input_Password" time="0.000">
    <skipped/>
  </testcase> <!-- Login_04_Not_Input_Password -->
  <testcase classname="com.nopcommerce.user.Level_03_Page_Object_Login2" name="Login_03_Not_Register_Email" time="0.000">
    <skipped/>
  </testcase> <!-- Login_03_Not_Register_Email -->
  <testcase classname="com.nopcommerce.user.Level_03_Page_Object_Login2" name="Login_01_Empty_Data" time="0.000">
    <skipped/>
  </testcase> <!-- Login_01_Empty_Data -->
  <testcase classname="com.nopcommerce.user.Level_03_Page_Object_Login2" name="Login_04_Not_Input_Password" time="0.000">
    <skipped/>
  </testcase> <!-- Login_04_Not_Input_Password -->
  <testcase classname="com.nopcommerce.user.Level_03_Page_Object_Login2" name="beforeClass" time="0.986">
    <error message="session not created: This version of ChromeDriver only supports Chrome version 110
Current browser version is 109.0.5414.120 with binary path C:\Program Files\Google\Chrome\Application\chrome.exe
Build info: version: &#039;3.141.59&#039;, revision: &#039;e82be7d358&#039;, time: &#039;2018-11-14T08:25:53&#039;
System info: host: &#039;DESKTOP-EGQ2P43&#039;, ip: &#039;192.168.1.14&#039;, os.name: &#039;Windows 10&#039;, os.arch: &#039;amd64&#039;, os.version: &#039;10.0&#039;, java.version: &#039;11.0.17&#039;
Driver info: driver.version: ChromeDriver
remote stacktrace: Backtrace:
	(No symbol) [0x00A83643]
	(No symbol) [0x00A18981]
	(No symbol) [0x0091B35D]
	(No symbol) [0x0093ED2D]
	(No symbol) [0x00939B50]
	(No symbol) [0x00936F89]
	(No symbol) [0x00971EB5]
	(No symbol) [0x00971B0C]
	(No symbol) [0x0096B1F6]
	(No symbol) [0x00940D57]
	(No symbol) [0x009424FD]
	GetHandleVerifier [0x00CFB5F2+2513186]
	GetHandleVerifier [0x00D2B730+2710112]
	GetHandleVerifier [0x00D2ECDC+2723852]
	GetHandleVerifier [0x00B32250+640384]
	(No symbol) [0x00A21142]
	(No symbol) [0x00A26AD8]
	(No symbol) [0x00A26BBB]
	(No symbol) [0x00A309FB]
	BaseThreadInitThunk [0x76DE00F9+25]
	RtlGetAppContainerNamedObjectPath [0x77357BBE+286]
	RtlGetAppContainerNamedObjectPath [0x77357B8E+238]
" type="org.openqa.selenium.SessionNotCreatedException">
      <![CDATA[org.openqa.selenium.SessionNotCreatedException: session not created: This version of ChromeDriver only supports Chrome version 110
Current browser version is 109.0.5414.120 with binary path C:\Program Files\Google\Chrome\Application\chrome.exe
Build info: version: '3.141.59', revision: 'e82be7d358', time: '2018-11-14T08:25:53'
System info: host: 'DESKTOP-EGQ2P43', ip: '192.168.1.14', os.name: 'Windows 10', os.arch: 'amd64', os.version: '10.0', java.version: '11.0.17'
Driver info: driver.version: ChromeDriver
remote stacktrace: Backtrace:
(No symbol) [0x00A83643]
(No symbol) [0x00A18981]
(No symbol) [0x0091B35D]
(No symbol) [0x0093ED2D]
(No symbol) [0x00939B50]
(No symbol) [0x00936F89]
(No symbol) [0x00971EB5]
(No symbol) [0x00971B0C]
(No symbol) [0x0096B1F6]
(No symbol) [0x00940D57]
(No symbol) [0x009424FD]
GetHandleVerifier [0x00CFB5F2+2513186]
GetHandleVerifier [0x00D2B730+2710112]
GetHandleVerifier [0x00D2ECDC+2723852]
GetHandleVerifier [0x00B32250+640384]
(No symbol) [0x00A21142]
(No symbol) [0x00A26AD8]
(No symbol) [0x00A26BBB]
(No symbol) [0x00A309FB]
BaseThreadInitThunk [0x76DE00F9+25]
RtlGetAppContainerNamedObjectPath [0x77357BBE+286]
RtlGetAppContainerNamedObjectPath [0x77357B8E+238]

at java.base/jdk.internal.reflect.NativeConstructorAccessorImpl.newInstance0(Native Method)
at java.base/jdk.internal.reflect.NativeConstructorAccessorImpl.newInstance(NativeConstructorAccessorImpl.java:62)
at java.base/jdk.internal.reflect.DelegatingConstructorAccessorImpl.newInstance(DelegatingConstructorAccessorImpl.java:45)
at java.base/java.lang.reflect.Constructor.newInstance(Constructor.java:490)
at org.openqa.selenium.remote.W3CHandshakeResponse.lambda$errorHandler$0(W3CHandshakeResponse.java:62)
at org.openqa.selenium.remote.HandshakeResponse.lambda$getResponseFunction$0(HandshakeResponse.java:30)
at org.openqa.selenium.remote.ProtocolHandshake.lambda$createSession$0(ProtocolHandshake.java:126)
at java.base/java.util.stream.ReferencePipeline$3$1.accept(ReferencePipeline.java:195)
at java.base/java.util.Spliterators$ArraySpliterator.tryAdvance(Spliterators.java:958)
at java.base/java.util.stream.ReferencePipeline.forEachWithCancel(ReferencePipeline.java:127)
at java.base/java.util.stream.AbstractPipeline.copyIntoWithCancel(AbstractPipeline.java:502)
at java.base/java.util.stream.AbstractPipeline.copyInto(AbstractPipeline.java:488)
at java.base/java.util.stream.AbstractPipeline.wrapAndCopyInto(AbstractPipeline.java:474)
at java.base/java.util.stream.FindOps$FindOp.evaluateSequential(FindOps.java:150)
at java.base/java.util.stream.AbstractPipeline.evaluate(AbstractPipeline.java:234)
at java.base/java.util.stream.ReferencePipeline.findFirst(ReferencePipeline.java:543)
at org.openqa.selenium.remote.ProtocolHandshake.createSession(ProtocolHandshake.java:128)
at org.openqa.selenium.remote.ProtocolHandshake.createSession(ProtocolHandshake.java:74)
at org.openqa.selenium.remote.HttpCommandExecutor.execute(HttpCommandExecutor.java:136)
at org.openqa.selenium.remote.service.DriverCommandExecutor.execute(DriverCommandExecutor.java:83)
at org.openqa.selenium.remote.RemoteWebDriver.execute(RemoteWebDriver.java:552)
at org.openqa.selenium.remote.RemoteWebDriver.startSession(RemoteWebDriver.java:213)
at org.openqa.selenium.remote.RemoteWebDriver.<init>(RemoteWebDriver.java:131)
at org.openqa.selenium.chrome.ChromeDriver.<init>(ChromeDriver.java:181)
at org.openqa.selenium.chrome.ChromeDriver.<init>(ChromeDriver.java:168)
at org.openqa.selenium.chrome.ChromeDriver.<init>(ChromeDriver.java:123)
at com.nopcommerce.user.Level_03_Page_Object_Login2.beforeClass(Level_03_Page_Object_Login2.java:34)
at java.base/jdk.internal.reflect.NativeMethodAccessorImpl.invoke0(Native Method)
at java.base/jdk.internal.reflect.NativeMethodAccessorImpl.invoke(NativeMethodAccessorImpl.java:62)
at java.base/jdk.internal.reflect.DelegatingMethodAccessorImpl.invoke(DelegatingMethodAccessorImpl.java:43)
at java.base/java.lang.reflect.Method.invoke(Method.java:566)
at org.testng.internal.MethodInvocationHelper.invokeMethod(MethodInvocationHelper.java:124)
at org.testng.internal.MethodInvocationHelper.invokeMethodConsideringTimeout(MethodInvocationHelper.java:59)
at org.testng.internal.Invoker.invokeConfigurationMethod(Invoker.java:458)
at org.testng.internal.Invoker.invokeConfigurations(Invoker.java:222)
at org.testng.internal.Invoker.invokeConfigurations(Invoker.java:142)
at org.testng.internal.TestMethodWorker.invokeBeforeClassMethods(TestMethodWorker.java:168)
at org.testng.internal.TestMethodWorker.run(TestMethodWorker.java:105)
at org.testng.TestRunner.privateRun(TestRunner.java:648)
at org.testng.TestRunner.run(TestRunner.java:505)
at org.testng.SuiteRunner.runTest(SuiteRunner.java:455)
at org.testng.SuiteRunner.runSequentially(SuiteRunner.java:450)
at org.testng.SuiteRunner.privateRun(SuiteRunner.java:415)
at org.testng.SuiteRunner.run(SuiteRunner.java:364)
at org.testng.SuiteRunnerWorker.runSuite(SuiteRunnerWorker.java:52)
at org.testng.SuiteRunnerWorker.run(SuiteRunnerWorker.java:84)
at org.testng.TestNG.runSuitesSequentially(TestNG.java:1208)
at org.testng.TestNG.runSuitesLocally(TestNG.java:1137)
at org.testng.TestNG.runSuites(TestNG.java:1049)
at org.testng.TestNG.run(TestNG.java:1017)
at org.testng.remote.AbstractRemoteTestNG.run(AbstractRemoteTestNG.java:115)
at org.testng.remote.RemoteTestNG.initAndRun(RemoteTestNG.java:251)
at org.testng.remote.RemoteTestNG.main(RemoteTestNG.java:77)
]]>
    </error>
  </testcase> <!-- beforeClass -->
  <testcase classname="com.nopcommerce.user.Level_03_Page_Object_Login2" name="Login_01_Empty_Data" time="0.000">
    <skipped/>
  </testcase> <!-- Login_01_Empty_Data -->
  <testcase classname="com.nopcommerce.user.Level_03_Page_Object_Login2" name="Login_04_Not_Input_Password" time="0.000">
    <skipped/>
  </testcase> <!-- Login_04_Not_Input_Password -->
  <testcase classname="com.nopcommerce.user.Level_03_Page_Object_Login2" name="Login_02_Invalid_Email" time="0.000">
    <skipped/>
  </testcase> <!-- Login_02_Invalid_Email -->
  <testcase classname="com.nopcommerce.user.Level_03_Page_Object_Login2" name="Login_05_Incorrect_Password" time="0.000">
    <skipped/>
  </testcase> <!-- Login_05_Incorrect_Password -->
  <testcase classname="com.nopcommerce.user.Level_03_Page_Object_Login2" name="Login_06_Login_Success" time="0.000">
    <skipped/>
  </testcase> <!-- Login_06_Login_Success -->
  <testcase classname="com.nopcommerce.user.Level_03_Page_Object_Login2" name="Login_06_Login_Success" time="0.000">
    <skipped/>
  </testcase> <!-- Login_06_Login_Success -->
  <testcase classname="com.nopcommerce.user.Level_03_Page_Object_Login2" name="beforeClass" time="0.571">
    <error message="session not created: This version of ChromeDriver only supports Chrome version 110
Current browser version is 109.0.5414.120 with binary path C:\Program Files\Google\Chrome\Application\chrome.exe
Build info: version: &#039;3.141.59&#039;, revision: &#039;e82be7d358&#039;, time: &#039;2018-11-14T08:25:53&#039;
System info: host: &#039;DESKTOP-EGQ2P43&#039;, ip: &#039;192.168.1.14&#039;, os.name: &#039;Windows 10&#039;, os.arch: &#039;amd64&#039;, os.version: &#039;10.0&#039;, java.version: &#039;11.0.17&#039;
Driver info: driver.version: ChromeDriver
remote stacktrace: Backtrace:
	(No symbol) [0x00A83643]
	(No symbol) [0x00A18981]
	(No symbol) [0x0091B35D]
	(No symbol) [0x0093ED2D]
	(No symbol) [0x00939B50]
	(No symbol) [0x00936F89]
	(No symbol) [0x00971EB5]
	(No symbol) [0x00971B0C]
	(No symbol) [0x0096B1F6]
	(No symbol) [0x00940D57]
	(No symbol) [0x009424FD]
	GetHandleVerifier [0x00CFB5F2+2513186]
	GetHandleVerifier [0x00D2B730+2710112]
	GetHandleVerifier [0x00D2ECDC+2723852]
	GetHandleVerifier [0x00B32250+640384]
	(No symbol) [0x00A21142]
	(No symbol) [0x00A26AD8]
	(No symbol) [0x00A26BBB]
	(No symbol) [0x00A309FB]
	BaseThreadInitThunk [0x76DE00F9+25]
	RtlGetAppContainerNamedObjectPath [0x77357BBE+286]
	RtlGetAppContainerNamedObjectPath [0x77357B8E+238]
" type="org.openqa.selenium.SessionNotCreatedException">
      <![CDATA[org.openqa.selenium.SessionNotCreatedException: session not created: This version of ChromeDriver only supports Chrome version 110
Current browser version is 109.0.5414.120 with binary path C:\Program Files\Google\Chrome\Application\chrome.exe
Build info: version: '3.141.59', revision: 'e82be7d358', time: '2018-11-14T08:25:53'
System info: host: 'DESKTOP-EGQ2P43', ip: '192.168.1.14', os.name: 'Windows 10', os.arch: 'amd64', os.version: '10.0', java.version: '11.0.17'
Driver info: driver.version: ChromeDriver
remote stacktrace: Backtrace:
(No symbol) [0x00A83643]
(No symbol) [0x00A18981]
(No symbol) [0x0091B35D]
(No symbol) [0x0093ED2D]
(No symbol) [0x00939B50]
(No symbol) [0x00936F89]
(No symbol) [0x00971EB5]
(No symbol) [0x00971B0C]
(No symbol) [0x0096B1F6]
(No symbol) [0x00940D57]
(No symbol) [0x009424FD]
GetHandleVerifier [0x00CFB5F2+2513186]
GetHandleVerifier [0x00D2B730+2710112]
GetHandleVerifier [0x00D2ECDC+2723852]
GetHandleVerifier [0x00B32250+640384]
(No symbol) [0x00A21142]
(No symbol) [0x00A26AD8]
(No symbol) [0x00A26BBB]
(No symbol) [0x00A309FB]
BaseThreadInitThunk [0x76DE00F9+25]
RtlGetAppContainerNamedObjectPath [0x77357BBE+286]
RtlGetAppContainerNamedObjectPath [0x77357B8E+238]

at java.base/jdk.internal.reflect.NativeConstructorAccessorImpl.newInstance0(Native Method)
at java.base/jdk.internal.reflect.NativeConstructorAccessorImpl.newInstance(NativeConstructorAccessorImpl.java:62)
at java.base/jdk.internal.reflect.DelegatingConstructorAccessorImpl.newInstance(DelegatingConstructorAccessorImpl.java:45)
at java.base/java.lang.reflect.Constructor.newInstance(Constructor.java:490)
at org.openqa.selenium.remote.W3CHandshakeResponse.lambda$errorHandler$0(W3CHandshakeResponse.java:62)
at org.openqa.selenium.remote.HandshakeResponse.lambda$getResponseFunction$0(HandshakeResponse.java:30)
at org.openqa.selenium.remote.ProtocolHandshake.lambda$createSession$0(ProtocolHandshake.java:126)
at java.base/java.util.stream.ReferencePipeline$3$1.accept(ReferencePipeline.java:195)
at java.base/java.util.Spliterators$ArraySpliterator.tryAdvance(Spliterators.java:958)
at java.base/java.util.stream.ReferencePipeline.forEachWithCancel(ReferencePipeline.java:127)
at java.base/java.util.stream.AbstractPipeline.copyIntoWithCancel(AbstractPipeline.java:502)
at java.base/java.util.stream.AbstractPipeline.copyInto(AbstractPipeline.java:488)
at java.base/java.util.stream.AbstractPipeline.wrapAndCopyInto(AbstractPipeline.java:474)
at java.base/java.util.stream.FindOps$FindOp.evaluateSequential(FindOps.java:150)
at java.base/java.util.stream.AbstractPipeline.evaluate(AbstractPipeline.java:234)
at java.base/java.util.stream.ReferencePipeline.findFirst(ReferencePipeline.java:543)
at org.openqa.selenium.remote.ProtocolHandshake.createSession(ProtocolHandshake.java:128)
at org.openqa.selenium.remote.ProtocolHandshake.createSession(ProtocolHandshake.java:74)
at org.openqa.selenium.remote.HttpCommandExecutor.execute(HttpCommandExecutor.java:136)
at org.openqa.selenium.remote.service.DriverCommandExecutor.execute(DriverCommandExecutor.java:83)
at org.openqa.selenium.remote.RemoteWebDriver.execute(RemoteWebDriver.java:552)
at org.openqa.selenium.remote.RemoteWebDriver.startSession(RemoteWebDriver.java:213)
at org.openqa.selenium.remote.RemoteWebDriver.<init>(RemoteWebDriver.java:131)
at org.openqa.selenium.chrome.ChromeDriver.<init>(ChromeDriver.java:181)
at org.openqa.selenium.chrome.ChromeDriver.<init>(ChromeDriver.java:168)
at org.openqa.selenium.chrome.ChromeDriver.<init>(ChromeDriver.java:123)
at com.nopcommerce.user.Level_03_Page_Object_Login2.beforeClass(Level_03_Page_Object_Login2.java:34)
at java.base/jdk.internal.reflect.NativeMethodAccessorImpl.invoke0(Native Method)
at java.base/jdk.internal.reflect.NativeMethodAccessorImpl.invoke(NativeMethodAccessorImpl.java:62)
at java.base/jdk.internal.reflect.DelegatingMethodAccessorImpl.invoke(DelegatingMethodAccessorImpl.java:43)
at java.base/java.lang.reflect.Method.invoke(Method.java:566)
at org.testng.internal.MethodInvocationHelper.invokeMethod(MethodInvocationHelper.java:124)
at org.testng.internal.MethodInvocationHelper.invokeMethodConsideringTimeout(MethodInvocationHelper.java:59)
at org.testng.internal.Invoker.invokeConfigurationMethod(Invoker.java:458)
at org.testng.internal.Invoker.invokeConfigurations(Invoker.java:222)
at org.testng.internal.Invoker.invokeConfigurations(Invoker.java:142)
at org.testng.internal.TestMethodWorker.invokeBeforeClassMethods(TestMethodWorker.java:168)
at org.testng.internal.TestMethodWorker.run(TestMethodWorker.java:105)
at org.testng.TestRunner.privateRun(TestRunner.java:648)
at org.testng.TestRunner.run(TestRunner.java:505)
at org.testng.SuiteRunner.runTest(SuiteRunner.java:455)
at org.testng.SuiteRunner.runSequentially(SuiteRunner.java:450)
at org.testng.SuiteRunner.privateRun(SuiteRunner.java:415)
at org.testng.SuiteRunner.run(SuiteRunner.java:364)
at org.testng.SuiteRunnerWorker.runSuite(SuiteRunnerWorker.java:52)
at org.testng.SuiteRunnerWorker.run(SuiteRunnerWorker.java:84)
at org.testng.TestNG.runSuitesSequentially(TestNG.java:1208)
at org.testng.TestNG.runSuitesLocally(TestNG.java:1137)
at org.testng.TestNG.runSuites(TestNG.java:1049)
at org.testng.TestNG.run(TestNG.java:1017)
at org.testng.remote.AbstractRemoteTestNG.run(AbstractRemoteTestNG.java:115)
at org.testng.remote.RemoteTestNG.initAndRun(RemoteTestNG.java:251)
at org.testng.remote.RemoteTestNG.main(RemoteTestNG.java:77)
]]>
    </error>
  </testcase> <!-- beforeClass -->
</testsuite> <!-- com.nopcommerce.user.Level_03_Page_Object_Login2 -->
